#04/11/2018 - 13:33:03 (Sun.) - Erro ao consultar o registro na tabela informada:#edu.senai.integrador.dao.TurmaDAO#For input string: "boxe"#
#04/11/2018 - 13:41:13 (Sun.) - Erro ao consultar o registro na tabela informada:#edu.senai.integrador.dao.TurmaDAO#For input string: "boxe"#
#04/11/2018 - 13:55:21 (Sun.) - Erro ao consultar o registro na tabela informada:#edu.senai.integrador.dao.TurmaDAO#For input string: "boxe"#
#04/11/2018 - 13:56:55 (Sun.) - Erro ao consultar o registro na tabela informada:#edu.senai.integrador.dao.TurmaDAO#For input string: "boxe"#
#04/11/2018 - 13:58:01 (Sun.) - Erro ao consultar o registro na tabela informada:#edu.senai.integrador.dao.TurmaDAO#For input string: "boxe"#
#04/11/2018 - 13:58:36 (Sun.) - Erro ao consultar o registro na tabela informada:#edu.senai.integrador.dao.TurmaDAO#For input string: "boxe"#
#04/11/2018 - 14:00:02 (Sun.) - Erro ao consultar o registro na tabela informada:#edu.senai.integrador.dao.TurmaDAO#For input string: "boxe"#
#04/11/2018 - 14:07:40 (Sun.) - Erro ao consultar o registro na tabela informada:#edu.senai.integrador.dao.TurmaDAO#For input string: "boxe"#
#09/11/2018 - 21:22:24 (Fri.) - Erro ao alterar o registro na tabela informada: #edu.senai.integrador.dao.AlunoDAO#You have an error in your SQL syntax; check the manual that corresponds to your MySQL server version for the right syntax to use near 'UPDATEALUNO SETaltura = 1.5018600225448608, peso = 71.0 WHERE CPF = '99988877700' at line 1#
#09/11/2018 - 21:23:49 (Fri.) - Erro ao alterar o registro na tabela informada: #edu.senai.integrador.dao.AlunoDAO#You have an error in your SQL syntax; check the manual that corresponds to your MySQL server version for the right syntax to use near 'UPDATEALUNO SETaltura = 1.5018600225448608, peso = 71.0 WHERE CPF = '99988877700' at line 1#
#09/11/2018 - 21:24:09 (Fri.) - Erro ao alterar o registro na tabela informada: #edu.senai.integrador.dao.AlunoDAO#You have an error in your SQL syntax; check the manual that corresponds to your MySQL server version for the right syntax to use near 'UPDATEALUNO SETaltura = 1.5018600225448608, peso = 71.0 WHERE CPF = '99988877700' at line 1#
#09/11/2018 - 21:25:51 (Fri.) - Erro ao alterar o registro na tabela informada: #edu.senai.integrador.dao.AlunoDAO#You have an error in your SQL syntax; check the manual that corresponds to your MySQL server version for the right syntax to use near 'UPDATEALUNO SETaltura = 1.5018600225448608, peso = 71.0 WHERE CPF = '99988877700' at line 1#
#09/11/2018 - 21:26:20 (Fri.) - Erro ao alterar o registro na tabela informada: #edu.senai.integrador.dao.AlunoDAO#You have an error in your SQL syntax; check the manual that corresponds to your MySQL server version for the right syntax to use near '= 1.5018600225448608, peso = 71.0 WHERE CPF = '99988877700'' at line 1#
#09/11/2018 - 21:33:23 (Fri.) - Erro ao alterar o registro na tabela informada: #edu.senai.integrador.dao.AlunoDAO#You have an error in your SQL syntax; check the manual that corresponds to your MySQL server version for the right syntax to use near ''sexo = 0 WHERE CPF = '99988877700'' at line 1#
#11/11/2018 - 08:37:35 (Sun.) - Erro ao alterar o registro na tabela informada: #edu.senai.integrador.dao.AlunoDAO#You have an error in your SQL syntax; check the manual that corresponds to your MySQL server version for the right syntax to use near '= 1.5018600225448608, peso= 71.0 WHERE CPF= '99988877700')' at line 1#
#11/11/2018 - 08:39:59 (Sun.) - Erro ao alterar o registro na tabela informada: #edu.senai.integrador.dao.AlunoDAO#You have an error in your SQL syntax; check the manual that corresponds to your MySQL server version for the right syntax to use near '= 1.5018600225448608, peso= 71.0 WHERE CPF= '99988877700')' at line 1#
#11/11/2018 - 08:40:30 (Sun.) - Erro ao alterar o registro na tabela informada: #edu.senai.integrador.dao.AlunoDAO#You have an error in your SQL syntax; check the manual that corresponds to your MySQL server version for the right syntax to use near ')' at line 1#
#12/11/2018 - 19:15:35 (Mon.) - Erro de Conexão: Não foi possível estabelecer conexão com o Banco de Dados.#Access denied for user ''@'localhost' (using password: NO)#
#13/11/2018 - 00:27:20 (Tue.) - Houve um problema no SQL inserido: #edu.senai.integrador.dao.AlunoDAO#You have an error in your SQL syntax; check the manual that corresponds to your MySQL server version for the right syntax to use near '', 'guigui', 2, 1, '2018-11-13')' at line 1#
#13/11/2018 - 00:28:34 (Tue.) - Houve um problema no SQL inserido: #edu.senai.integrador.dao.AlunoDAO#You have an error in your SQL syntax; check the manual that corresponds to your MySQL server version for the right syntax to use near '', 'guigui', 2, 1, '2018-11-13')' at line 1#
#13/11/2018 - 00:29:15 (Tue.) - DATA_IDADE_INSUFICIENTE#edu.senai.integrador.beans.Aluno##
#13/11/2018 - 00:29:15 (Tue.) - Erro ao consultar o registro na tabela informada: #edu.senai.integrador.dao.AlunoDAO#O aluno deve ter pelo menos 16 anos#
#13/11/2018 - 00:30:11 (Tue.) - Houve um problema no SQL inserido: #edu.senai.integrador.dao.AlunoDAO#Duplicate entry '99988877705' for key 'PRIMARY'#
#13/11/2018 - 18:33:18 (Tue.) - Erro ao excluir o registro na tabela informada: #edu.senai.integrador.dao.AlunoDAO#You have an error in your SQL syntax; check the manual that corresponds to your MySQL server version for the right syntax to use near ')' at line 1#
#13/11/2018 - 18:34:00 (Tue.) - Erro ao excluir o registro na tabela informada: #edu.senai.integrador.dao.AlunoDAO#You have an error in your SQL syntax; check the manual that corresponds to your MySQL server version for the right syntax to use near ''' at line 1#
